-------------------------------------------------------------------------------
Test set: testRunner.TestRunner
-------------------------------------------------------------------------------
Tests run: 5, Failures: 1, Errors: 3, Skipped: 0, Time elapsed: 51.54 s <<< FAILURE! -- in testRunner.TestRunner
Login Data Driven with Excel.Login Data Driven Excel #2 -- Time elapsed: 10.11 s <<< FAILURE!
java.lang.AssertionError
	at org.junit.Assert.fail(Assert.java:87)
	at org.junit.Assert.assertTrue(Assert.java:42)
	at org.junit.Assert.assertTrue(Assert.java:53)
	at stepDefinitions.LoginSteps.check_user_navigates_to_my_account_page_by_passing_email_and_password_with_excel_data(LoginSteps.java:106)
	at ✽.the user should be redirected to the MyAccount Page by passing email and password with excel row "2"(file:///C:/Users/vsalan/eclipse-workspace/opencart_cucumber/./Features/LoginDDTExcel.feature:5)

Login Data Driven with Excel.Login Data Driven Excel #3 -- Time elapsed: 7.725 s <<< ERROR!
java.lang.NumberFormatException: For input string: "..."
	at java.base/java.lang.NumberFormatException.forInputString(NumberFormatException.java:67)
	at java.base/java.lang.Integer.parseInt(Integer.java:654)
	at java.base/java.lang.Integer.parseInt(Integer.java:786)
	at stepDefinitions.LoginSteps.check_user_navigates_to_my_account_page_by_passing_email_and_password_with_excel_data(LoginSteps.java:72)
	at ✽.the user should be redirected to the MyAccount Page by passing email and password with excel row "..."(file:///C:/Users/vsalan/eclipse-workspace/opencart_cucumber/./Features/LoginDDTExcel.feature:5)

Login Data Driven with Excel.Login Data Driven Excel #4 -- Time elapsed: 7.796 s <<< ERROR!
java.lang.IllegalArgumentException: Keys to send should be a not null CharSequence
	at org.openqa.selenium.remote.RemoteWebElement.sendKeys(RemoteWebElement.java:97)
	at java.base/jdk.internal.reflect.NativeMethodAccessorImpl.invoke0(Native Method)
	at java.base/jdk.internal.reflect.NativeMethodAccessorImpl.invoke(NativeMethodAccessorImpl.java:77)
	at java.base/jdk.internal.reflect.DelegatingMethodAccessorImpl.invoke(DelegatingMethodAccessorImpl.java:43)
	at java.base/java.lang.reflect.Method.invoke(Method.java:568)
	at org.openqa.selenium.support.pagefactory.internal.LocatingElementHandler.invoke(LocatingElementHandler.java:51)
	at jdk.proxy2/jdk.proxy2.$Proxy38.sendKeys(Unknown Source)
	at pageObjects.LoginPage.setEmail(LoginPage.java:24)
	at stepDefinitions.LoginSteps.check_user_navigates_to_my_account_page_by_passing_email_and_password_with_excel_data(LoginSteps.java:78)
	at ✽.the user should be redirected to the MyAccount Page by passing email and password with excel row "9"(file:///C:/Users/vsalan/eclipse-workspace/opencart_cucumber/./Features/LoginDDTExcel.feature:5)

Login Data Driven with Excel.Login Data Driven Excel #5 -- Time elapsed: 8.029 s <<< ERROR!
java.lang.IllegalArgumentException: Keys to send should be a not null CharSequence
	at org.openqa.selenium.remote.RemoteWebElement.sendKeys(RemoteWebElement.java:97)
	at java.base/jdk.internal.reflect.NativeMethodAccessorImpl.invoke0(Native Method)
	at java.base/jdk.internal.reflect.NativeMethodAccessorImpl.invoke(NativeMethodAccessorImpl.java:77)
	at java.base/jdk.internal.reflect.DelegatingMethodAccessorImpl.invoke(DelegatingMethodAccessorImpl.java:43)
	at java.base/java.lang.reflect.Method.invoke(Method.java:568)
	at org.openqa.selenium.support.pagefactory.internal.LocatingElementHandler.invoke(LocatingElementHandler.java:51)
	at jdk.proxy2/jdk.proxy2.$Proxy38.sendKeys(Unknown Source)
	at pageObjects.LoginPage.setEmail(LoginPage.java:24)
	at stepDefinitions.LoginSteps.check_user_navigates_to_my_account_page_by_passing_email_and_password_with_excel_data(LoginSteps.java:78)
	at ✽.the user should be redirected to the MyAccount Page by passing email and password with excel row "10"(file:///C:/Users/vsalan/eclipse-workspace/opencart_cucumber/./Features/LoginDDTExcel.feature:5)

